#
# There is insufficient memory for the Java Runtime Environment to continue.
# Native memory allocation (malloc) failed to allocate 1048576 bytes. Error detail: AllocateHeap
# Possible reasons:
#   The system is out of physical RAM or swap space
#   This process is running with CompressedOops enabled, and the Java Heap may be blocking the growth of the native heap
# Possible solutions:
#   Reduce memory load on the system
#   Increase physical memory or swap space
#   Check if swap backing store is full
#   Decrease Java heap size (-Xmx/-Xms)
#   Decrease number of Java threads
#   Decrease Java thread stack sizes (-Xss)
#   Set larger code cache with -XX:ReservedCodeCacheSize=
#   JVM is running with Unscaled Compressed Oops mode in which the Java heap is
#     placed in the first 4GB address space. The Java Heap base address is the
#     maximum limit for the native heap growth. Please use -XX:HeapBaseMinAddress
#     to set the Java Heap base and to place the Java Heap above 4GB virtual address.
# This output file may be truncated or incomplete.
#
#  Out of Memory Error (allocation.cpp:44), pid=5292, tid=9824
#
# JRE version:  (23.0.1+11) (build )
# Java VM: Java HotSpot(TM) 64-Bit Server VM (23.0.1+11-39, mixed mode, sharing, tiered, compressed oops, compressed class ptrs, g1 gc, windows-amd64)
# No core dump will be written. Minidumps are not enabled by default on client versions of Windows
#

---------------  S U M M A R Y ------------

Command Line: -Dfile.encoding=UTF-8 --add-modules=ALL-DEFAULT jdk.compiler/com.sun.tools.javac.launcher.SourceLauncher D:\bismillahexception\src\LoginProgram.java

Host: Intel(R) Celeron(R) N4020 CPU @ 1.10GHz, 2 cores, 3G,  Windows 11 , 64 bit Build 22621 (10.0.22621.4391)
Time: Thu Nov 28 18:12:45 2024 SE Asia Standard Time elapsed time: 0.114633 seconds (0d 0h 0m 0s)

---------------  T H R E A D  ---------------

Current thread (0x0000023739b2ec10):  JavaThread "Unknown thread" [_thread_in_vm, id=9824, stack(0x000000b029f00000,0x000000b02a000000) (1024K)]

Stack: [0x000000b029f00000,0x000000b02a000000]
Native frames: (J=compiled Java code, j=interpreted, Vv=VM code, C=native code)
V  [jvm.dll+0x6e08b9]  (no source info available)
V  [jvm.dll+0x87dc83]  (no source info available)
V  [jvm.dll+0x88010e]  (no source info available)
V  [jvm.dll+0x8807e3]  (no source info available)
V  [jvm.dll+0x27aee6]  (no source info available)
V  [jvm.dll+0xb6a17]  (no source info available)
V  [jvm.dll+0x326ad8]  (no source info available)
V  [jvm.dll+0x844319]  (no source info available)
V  [jvm.dll+0x3b9848]  (no source info available)
V  [jvm.dll+0x82d14c]  (no source info available)
V  [jvm.dll+0x454d4e]  (no source info available)
V  [jvm.dll+0x456bd1]  (no source info available)
C  [jli.dll+0x52a3]  (no source info available)
C  [ucrtbase.dll+0x29333]  (no source info available)
C  [KERNEL32.DLL+0x1259d]  (no source info available)
C  [ntdll.dll+0x5af38]  (no source info available)

Lock stack of current Java thread (top to bottom):


---------------  P R O C E S S  ---------------

Threads class SMR info:
_java_thread_list=0x00007ffcc8ba3618, length=0, elements={
}

Java Threads: ( => current thread )
Total: 0

Other Threads:

=>0x0000023739b2ec10 (exited) JavaThread "Unknown thread"    [_thread_in_vm, id=9824, stack(0x000000b029f00000,0x000000b02a000000) (1024K)]
Total: 1

Threads with active compile tasks:
Total: 0

VM state: not at safepoint (not fully initialized)

VM Mutex/Monitor currently owned by a thread: None

Heap address: 0x0000000000000000, size: 0 MB, Compressed Oops mode: 32-bit

CDS archive(s) mapped at: [0x0000000000000000-0x0000000000000000-0x0000000000000000), size 0, SharedBaseAddress: 0x0000000800000000, ArchiveRelocationMode: 1.
Narrow klass base: 0x0000000000000000, Narrow klass shift: 0, Narrow klass range: 0x0

GC Precious Log:
 CardTable entry size: 512
 Card Set container configuration: InlinePtr #cards 5 size 8 Array Of Cards #cards 10 size 36 Howl #buckets 4 coarsen threshold 1843 Howl Bitmap #cards 512 size 80 coarsen threshold 460 Card regions per heap region 1 cards per card region 2048

GC Heap History (0 events):
No events

Dll operation events (1 events):
Event: 0.066 Loaded shared library C:\Users\olivi\.vscode\jdk-23.0.1\bin\java.dll

Deoptimization events (0 events):
No events

Classes loaded (0 events):
No events

Classes unloaded (0 events):
No events

Classes redefined (0 events):
No events

Internal exceptions (0 events):
No events

VM Operations (0 events):
No events

Memory protections (0 events):
No events

Nmethod flushes (0 events):
No events

Events (0 events):
No events


Dynamic libraries:
0x00007ff66df20000 - 0x00007ff66df30000 	C:\Users\olivi\.vscode\jdk-23.0.1\bin\java.exe
0x00007ffda9a30000 - 0x00007ffda9c47000 	C:\WINDOWS\SYSTEM32\ntdll.dll
0x00007ffda79c0000 - 0x00007ffda7a84000 	C:\WINDOWS\System32\KERNEL32.DLL
0x00007ffda72f0000 - 0x00007ffda76a9000 	C:\WINDOWS\System32\KERNELBASE.dll
0x00007ffda70b0000 - 0x00007ffda71c1000 	C:\WINDOWS\System32\ucrtbase.dll
0x00007ffd9dd90000 - 0x00007ffd9dda7000 	C:\Users\olivi\.vscode\jdk-23.0.1\bin\jli.dll
0x00007ffda7d90000 - 0x00007ffda7f3e000 	C:\WINDOWS\System32\USER32.dll
0x00007ffda6dd0000 - 0x00007ffda6df6000 	C:\WINDOWS\System32\win32u.dll
0x00007ffda7a90000 - 0x00007ffda7ab9000 	C:\WINDOWS\System32\GDI32.dll
0x00007ffda71d0000 - 0x00007ffda72eb000 	C:\WINDOWS\System32\gdi32full.dll
0x00007ffda6d30000 - 0x00007ffda6dca000 	C:\WINDOWS\System32\msvcp_win.dll
0x00007ffd9dd10000 - 0x00007ffd9dd2b000 	C:\Users\olivi\.vscode\jdk-23.0.1\bin\VCRUNTIME140.dll
0x00007ffd946f0000 - 0x00007ffd94982000 	C:\WINDOWS\WinSxS\amd64_microsoft.windows.common-controls_6595b64144ccf1df_6.0.22621.4391_none_2715d37f73803e96\COMCTL32.dll
0x00007ffda9920000 - 0x00007ffda99c7000 	C:\WINDOWS\System32\msvcrt.dll
0x00007ffda7b60000 - 0x00007ffda7b91000 	C:\WINDOWS\System32\IMM32.DLL
0x00007ffd9e5d0000 - 0x00007ffd9e5dc000 	C:\Users\olivi\.vscode\jdk-23.0.1\bin\vcruntime140_1.dll
0x00007ffd67f00000 - 0x00007ffd67f8e000 	C:\Users\olivi\.vscode\jdk-23.0.1\bin\msvcp140.dll
0x00007ffcc7fb0000 - 0x00007ffcc8cff000 	C:\Users\olivi\.vscode\jdk-23.0.1\bin\server\jvm.dll
0x00007ffda8440000 - 0x00007ffda84f2000 	C:\WINDOWS\System32\ADVAPI32.dll
0x00007ffda7ba0000 - 0x00007ffda7c47000 	C:\WINDOWS\System32\sechost.dll
0x00007ffda76b0000 - 0x00007ffda76d8000 	C:\WINDOWS\System32\bcrypt.dll
0x00007ffda8320000 - 0x00007ffda8434000 	C:\WINDOWS\System32\RPCRT4.dll
0x00007ffda7ac0000 - 0x00007ffda7b31000 	C:\WINDOWS\System32\WS2_32.dll
0x00007ffda6b50000 - 0x00007ffda6b9d000 	C:\WINDOWS\SYSTEM32\POWRPROF.dll
0x00007ffd9dbd0000 - 0x00007ffd9dc04000 	C:\WINDOWS\SYSTEM32\WINMM.dll
0x00007ffd97e30000 - 0x00007ffd97e3a000 	C:\WINDOWS\SYSTEM32\VERSION.dll
0x00007ffda6a30000 - 0x00007ffda6a43000 	C:\WINDOWS\SYSTEM32\UMPDC.dll
0x00007ffda5d70000 - 0x00007ffda5d88000 	C:\WINDOWS\SYSTEM32\kernel.appcore.dll
0x00007ffd9e3d0000 - 0x00007ffd9e3da000 	C:\Users\olivi\.vscode\jdk-23.0.1\bin\jimage.dll
0x00007ffda4530000 - 0x00007ffda4762000 	C:\WINDOWS\SYSTEM32\DBGHELP.DLL
0x00007ffda8500000 - 0x00007ffda888f000 	C:\WINDOWS\System32\combase.dll
0x00007ffda7cb0000 - 0x00007ffda7d87000 	C:\WINDOWS\System32\OLEAUT32.dll
0x00007ffd7ea90000 - 0x00007ffd7eac2000 	C:\WINDOWS\SYSTEM32\dbgcore.DLL
0x00007ffda7030000 - 0x00007ffda70ab000 	C:\WINDOWS\System32\bcryptPrimitives.dll
0x00007ffd91b30000 - 0x00007ffd91b4e000 	C:\Users\olivi\.vscode\jdk-23.0.1\bin\java.dll
0x00007ffda7800000 - 0x00007ffda79a5000 	C:\WINDOWS\System32\ole32.dll
0x00007ffda8e90000 - 0x00007ffda9706000 	C:\WINDOWS\System32\SHELL32.dll

dbghelp: loaded successfully - version: 4.0.5 - missing functions: none
symbol engine: initialized successfully - sym options: 0x614 - pdb path: .;C:\Users\olivi\.vscode\jdk-23.0.1\bin;C:\WINDOWS\SYSTEM32;C:\WINDOWS\WinSxS\amd64_microsoft.windows.common-controls_6595b64144ccf1df_6.0.22621.4391_none_2715d37f73803e96;C:\Users\olivi\.vscode\jdk-23.0.1\bin\server

VM Arguments:
jvm_args: -Dfile.encoding=UTF-8 --add-modules=ALL-DEFAULT 
java_command: jdk.compiler/com.sun.tools.javac.launcher.SourceLauncher D:\bismillahexception\src\LoginProgram.java
java_class_path (initial): .
Launcher Type: SUN_STANDARD

[Global flags]
     intx CICompilerCount                          = 2                                         {product} {ergonomic}
     uint ConcGCThreads                            = 1                                         {product} {ergonomic}
     uint G1ConcRefinementThreads                  = 2                                         {product} {ergonomic}
   size_t G1HeapRegionSize                         = 1048576                                   {product} {ergonomic}
   size_t InitialHeapSize                          = 65011712                                  {product} {ergonomic}
   size_t MarkStackSize                            = 4194304                                   {product} {ergonomic}
   size_t MaxHeapSize                              = 1027604480                                {product} {ergonomic}
   size_t MinHeapDeltaBytes                        = 1048576                                   {product} {ergonomic}
   size_t MinHeapSize                              = 8388608                                   {product} {ergonomic}
    uintx NonNMethodCodeHeapSize                   = 5767168                                {pd product} {ergonomic}
    uintx NonProfiledCodeHeapSize                  = 123011072                              {pd product} {ergonomic}
    uintx ProfiledCodeHeapSize                     = 122880000                              {pd product} {ergonomic}
    uintx ReservedCodeCacheSize                    = 251658240                              {pd product} {ergonomic}
     bool SegmentedCodeCache                       = true                                      {product} {ergonomic}
   size_t SoftMaxHeapSize                          = 1027604480                             {manageable} {ergonomic}
     bool UseCompressedOops                        = true                           {product lp64_product} {ergonomic}
     bool UseG1GC                                  = true                                      {product} {ergonomic}
     bool UseLargePagesIndividualAllocation        = false                                  {pd product} {ergonomic}

Logging:
Log output configuration:
 #0: stdout all=warning uptime,level,tags foldmultilines=false
 #1: stderr all=off uptime,level,tags foldmultilines=false

Environment Variables:
JAVA_HOME=C:\\Users\\olivi\\.vscode\\jdk-23.0.1
PATH=C:\Program Files (x86)\Common Files\Oracle\Java\java8path;C:\Program Files (x86)\Common Files\Oracle\Java\javapath;C:\Program Files\Eclipse Adoptium\jdk-21.0.4.7-hotspot\bin;C:\Program Files\Eclipse Adoptium\jdk-17.0.12.7-hotspot\bin;C:\WINDOWS\system32;C:\WINDOWS;C:\WINDOWS\System32\Wbem;C:\WINDOWS\System32\WindowsPowerShell\v1.0\;C:\WINDOWS\System32\OpenSSH\;C:\Program Files\Git\cmd;C:\Users\olivi\AppData\Local\Microsoft\WindowsApps;C:\Users\olivi\AppData\Local\Programs\Microsoft VS Code\bin
USERNAME=olivi
OS=Windows_NT
PROCESSOR_IDENTIFIER=Intel64 Family 6 Model 122 Stepping 8, GenuineIntel
TMP=C:\Users\olivi\AppData\Local\Temp
TEMP=C:\Users\olivi\AppData\Local\Temp




Periodic native trim disabled

---------------  S Y S T E M  ---------------

OS:
 Windows 11 , 64 bit Build 22621 (10.0.22621.4391)
OS uptime: 2 days 8:49 hours

CPU: total 2 (initial active 2) (2 cores per cpu, 1 threads per core) family 6 model 122 stepping 8 microcode 0x18, cx8, cmov, fxsr, mmx, 3dnowpref, sse, sse2, sse3, ssse3, sse4.1, sse4.2, popcnt, tsc, tscinvbit, aes, erms, clmul, sha, clflush, clflushopt, rdtscp, rdpid
Processor Information for the first 2 processors :
  Max Mhz: 1101, Current Mhz: 1101, Mhz Limit: 1101

Memory: 4k page, system-wide physical 3918M (256M free)
TotalPageFile size 15694M (AvailPageFile size 17M)
current process WorkingSet (physical memory assigned to process): 11M, peak: 11M
current process commit charge ("private bytes"): 12M, peak: 13M

vm_info: Java HotSpot(TM) 64-Bit Server VM (23.0.1+11-39) for windows-amd64 JRE (23.0.1+11-39), built on 2024-09-30T07:20:43Z with MS VC++ 17.6 (VS2022)

END.
